<?xml version="1.0" encoding="UTF-8"?>
<!-- Generated by org.testng.reporters.JUnitReportReporter -->
<testsuite hostname="DESKTOP-PTO1QB8" failures="0" tests="1" name="DemoSeleniumExamples.LocatorsTest" time="142.660" errors="0" timestamp="2024-09-02T10:26:49 IST" skipped="0">
  <testcase classname="DemoSeleniumExamples.LocatorsTest" name="locatorsTest" time="142.660"/>
  <system-out/>
</testsuite> <!-- DemoSeleniumExamples.LocatorsTest -->
