<?xml version="1.0" encoding="UTF-8"?>
<!-- Generated by org.testng.reporters.JUnitReportReporter -->
<testsuite hostname="DESKTOP-PTO1QB8" failures="0" tests="2" name="testNG.HardAssertEx" time="0.034" errors="0" timestamp="2024-09-02T10:54:09 IST" skipped="0">
  <testcase classname="testNG.HardAssertEx" name="m2" time="0.003"/>
  <system-out/>
  <testcase classname="testNG.HardAssertEx" name="m1" time="0.031"/>
  <system-out/>
</testsuite> <!-- testNG.HardAssertEx -->
