<?xml version="1.0" encoding="UTF-8"?>
<!-- Generated by org.testng.reporters.JUnitReportReporter -->
<testsuite hostname="DESKTOP-PTO1QB8" failures="0" tests="5" name="testNG.SampleTest" time="0.043" errors="0" timestamp="2024-08-31T10:37:40 IST" skipped="0">
  <testcase classname="testNG.SampleTest" name="createContact" time="0.025"/>
  <system-out/>
  <testcase classname="testNG.SampleTest" name="modifyContact" time="0.010"/>
  <system-out/>
  <testcase classname="testNG.SampleTest" name="createContact" time="0.003"/>
  <system-out/>
  <testcase classname="testNG.SampleTest" name="deleteContct" time="0.003"/>
  <system-out/>
  <testcase classname="testNG.SampleTest" name="createContact" time="0.002"/>
  <system-out/>
</testsuite> <!-- testNG.SampleTest -->
