<?xml version="1.0" encoding="UTF-8"?>
<!-- Generated by org.testng.reporters.JUnitReportReporter -->
<testsuite hostname="DESKTOP-PTO1QB8" failures="0" tests="1" name="testNG.TakingScreenShotEx" time="86.620" errors="0" timestamp="2024-09-03T11:17:43 IST" skipped="0">
  <testcase classname="testNG.TakingScreenShotEx" name="screenshootEx" time="86.620"/>
  <system-out/>
</testsuite> <!-- testNG.TakingScreenShotEx -->
