<?xml version="1.0" encoding="UTF-8"?>
<!-- Generated by org.testng.reporters.JUnitReportReporter -->
<testsuite hostname="DESKTOP-PTO1QB8" failures="0" tests="1" name="DemoSeleniumExamples.HandlingAutoSuggestionTest" time="162.831" errors="0" timestamp="2024-09-02T10:26:48 IST" skipped="0">
  <testcase classname="DemoSeleniumExamples.HandlingAutoSuggestionTest" name="handlingAutoSuggestionTest" time="162.831"/>
  <system-out/>
</testsuite> <!-- DemoSeleniumExamples.HandlingAutoSuggestionTest -->
