<?xml version="1.0" encoding="UTF-8"?>
<!-- Generated by org.testng.reporters.JUnitReportReporter -->
<testsuite hostname="DESKTOP-PTO1QB8" failures="0" tests="1" name="PopUps.AuthenticationPopupTest" time="29.813" errors="0" timestamp="2024-08-31T11:27:01 IST" skipped="0">
  <testcase classname="PopUps.AuthenticationPopupTest" name="authenticationPopupTest" time="29.813"/>
  <system-out/>
</testsuite> <!-- PopUps.AuthenticationPopupTest -->
